<?xml version="1.0" encoding="UTF-8"?>
<!-- Generated by org.testng.reporters.JUnitReportReporter -->
<testsuite hostname="DESKTOP-2VC2RTM" failures="0" tests="1" name="testCases.TC_endtoendtest" time="5.125" errors="0" timestamp="2025-10-01T11:15:03 IST" skipped="0">
  <testcase classname="testCases.TC_endtoendtest" name="endtoend" time="5.125"/>
</testsuite> <!-- testCases.TC_endtoendtest -->
