<?xml version="1.0" encoding="UTF-8"?>
<!-- Generated by org.testng.reporters.JUnitReportReporter -->
<testsuite hostname="DESKTOP-2VC2RTM" failures="0" tests="3" name="testCases.TC001_signinemailtest" time="11.935" errors="0" timestamp="2025-10-01T11:15:03 IST" skipped="0">
  <testcase classname="testCases.TC001_signinemailtest" name="verify_email_registration" time="0.373"/>
  <testcase classname="testCases.TC001_signinemailtest" name="verify_errmsg_withimpropermail" time="5.799"/>
  <testcase classname="testCases.TC001_signinemailtest" name="verify_errmsg_withoutmail" time="5.763"/>
</testsuite> <!-- testCases.TC001_signinemailtest -->
